


ARM Macro Assembler    Page 1 


    1 00000000                 AREA             ONE_ZERO,CODE, READONLY
    2 00000000                 ENTRY
    3 00000000 E3A02000        MOV              R2,#0
    4 00000004 E3A03000        MOV              R3,#0
    5 00000008 E3A07002        MOV              R7,#2
    6 0000000C E59F6038        LDR              R6,=LOOKUP
    7 00000010 E3A01020 
                       LOOP    MOV              R1,#32
    8 00000014 E5960000        LDR              R0,[R6]
    9 00000018 E1B000E0 
                       NEXTBIT MOVS             R0,R0, ROR #1
   10 0000001C 8A000001        BHI              ONES
   11 00000020 E2833001 
                       ZERO    ADD              R3,R3,#1
   12 00000024 EA000000        B                REPEAT
   13 00000028 E2822001 
                       ONES    ADD              R2,R2,#1
   14 0000002C E2511001 
                       REPEAT  SUBS             R1,R1,#1
   15 00000030 1AFFFFF8        BNE              NEXTBIT
   16 00000034 E2866004        ADD              R6,R6,#4
   17 00000038 E2577001        SUBS             R7,R7,#1
   18 0000003C 1AFFFFF3        BNE              LOOP
   19 00000040 EAFFFFFE 
                       STOP    B                STOP
   20 00000044 00000005 
              00000007 LOOKUP  DCD              0X5,0X7
   21 0000004C                 END
              00000000 
Command Line: --debug --xref --apcs=interwork --depend=.\prgm8.d -o.\prgm8.o -I
F:\softwares\Keil\ARM\RV31\INC -IF:\softwares\Keil\ARM\CMSIS\Include -IF:\softw
ares\Keil\ARM\Inc\Philips --predefine="__EVAL SETA 1" --list=.\prgm8.lst prgm8.
s



ARM Macro Assembler    Page 1 Alphabetic symbol ordering
Relocatable symbols

LOOKUP 00000044

Symbol: LOOKUP
   Definitions
      At line 20 in file prgm8.s
   Uses
      At line 6 in file prgm8.s
Comment: LOOKUP used once
LOOP 00000010

Symbol: LOOP
   Definitions
      At line 7 in file prgm8.s
   Uses
      At line 18 in file prgm8.s
Comment: LOOP used once
NEXTBIT 00000018

Symbol: NEXTBIT
   Definitions
      At line 9 in file prgm8.s
   Uses
      At line 15 in file prgm8.s
Comment: NEXTBIT used once
ONES 00000028

Symbol: ONES
   Definitions
      At line 13 in file prgm8.s
   Uses
      At line 10 in file prgm8.s
Comment: ONES used once
ONE_ZERO 00000000

Symbol: ONE_ZERO
   Definitions
      At line 1 in file prgm8.s
   Uses
      None
Comment: ONE_ZERO unused
REPEAT 0000002C

Symbol: REPEAT
   Definitions
      At line 14 in file prgm8.s
   Uses
      At line 12 in file prgm8.s
Comment: REPEAT used once
STOP 00000040

Symbol: STOP
   Definitions
      At line 19 in file prgm8.s
   Uses
      At line 19 in file prgm8.s
Comment: STOP used once
ZERO 00000020

Symbol: ZERO



ARM Macro Assembler    Page 2 Alphabetic symbol ordering
Relocatable symbols

   Definitions
      At line 11 in file prgm8.s
   Uses
      None
Comment: ZERO unused
8 symbols
341 symbols in table
