


ARM Macro Assembler    Page 1 


    1 00000000                 AREA             FACT,CODE,READONLY
    2 00000000                 ENTRY
    3 00000000 E3A00004        LDR              R0,=4
    4 00000004 E3500000        CMP              R0,#0
    5 00000008 0A000008        BEQ              ANS
    6 0000000C E3500001        CMP              R0,#1
    7 00000010 0A000006        BEQ              ANS
    8 00000014 E1A01000        MOV              R1,R0
    9 00000018 E2511001 
                       UP      SUBS             R1,R1,#1
   10 0000001C 0A000005        BEQ              STOP
   11 00000020 E0020091        MUL              R2,R1,R0
   12 00000024 E1A00002        MOV              R0,R2
   13 00000028 EAFFFFFA        B                UP
   14 0000002C 0A000001        BEQ              STOP
   15 00000030 E3A00001 
                       ANS     MOV              R0,#1
   16 00000034 0AFFFFFF        BEQ              STOP
   17 00000038 EAFFFFFE 
                       STOP    B                STOP
   18 0000003C                 END
Command Line: --debug --xref --apcs=interwork --depend=.\prgm3.d -o.\prgm3.o -I
F:\softwares\Keil\ARM\RV31\INC -IF:\softwares\Keil\ARM\CMSIS\Include -IF:\softw
ares\Keil\ARM\Inc\Philips --predefine="__EVAL SETA 1" --list=.\prgm3.lst PRGM3.
s



ARM Macro Assembler    Page 1 Alphabetic symbol ordering
Relocatable symbols

ANS 00000030

Symbol: ANS
   Definitions
      At line 15 in file PRGM3.s
   Uses
      At line 5 in file PRGM3.s
      At line 7 in file PRGM3.s

FACT 00000000

Symbol: FACT
   Definitions
      At line 1 in file PRGM3.s
   Uses
      None
Comment: FACT unused
STOP 00000038

Symbol: STOP
   Definitions
      At line 17 in file PRGM3.s
   Uses
      At line 10 in file PRGM3.s
      At line 14 in file PRGM3.s
      At line 16 in file PRGM3.s
      At line 17 in file PRGM3.s

UP 00000018

Symbol: UP
   Definitions
      At line 9 in file PRGM3.s
   Uses
      At line 13 in file PRGM3.s
Comment: UP used once
4 symbols
335 symbols in table
