


ARM Macro Assembler    Page 1 


    1 00000000                 AREA             ASCEND, CODE, READONLY
    2 00000000                 ENTRY
    3 00000000 E3A08004        MOV              R8,#4
    4 00000004 E59F2060        LDR              R2, =SVALUE
    5 00000008 E59F3060        LDR              R3,=DVALUE
    6 0000000C E4921004 
                       LOOP    LDR              R1,[R2],#4
    7 00000010 E4831004        STR              R1,[R3],#4
    8 00000014 E2588001        SUBS             R8,R8,#1
    9 00000018 E3580000        CMP              R8,#0
   10 0000001C 1AFFFFFA        BNE              LOOP
   11 00000020 E3A07003        MOV              R7,#3
   12 00000024 E1A05007 
                       NXTPAS  MOV              R5,R7
   13 00000028 E59F1040        LDR              R1,=DVALUE
   14 0000002C E4912004 
                       NXTCMP  LDR              R2, [R1],#4
   15 00000030 E5913000        LDR              R3,[R1]
   16 00000034 E1520003        CMP              R2,R3
   17 00000038 BA000002        BLT              NOSWP
   18 0000003C E4012004        STR              R2,[R1],#-4
   19 00000040 E5813000        STR              R3,[R1]
   20 00000044 E2811004        ADD              R1,R1,#4
   21 00000048 E2555001 
                       NOSWP   SUBS             R5,R5,#1
   22 0000004C 1AFFFFF6        BNE              NXTCMP
   23 00000050 E2577001        SUBS             R7,R7,#1
   24 00000054 1AFFFFF2        BNE              NXTPAS
   25 00000058 EAFFFFFE 
                       STOP    B                STOP
   26 0000005C 00000044 
              00000011 
              00000033 
              00000022 SVALUE  DCD              0X44,0X11,0X33,0X22
   27 0000006C 00000000 
              00000000 
              00000000         AREA             DATA1,DATA,READWRITE
   28 00000000 00000000 
                       DVALUE  DCD              0X00
   29 00000004                 END
Command Line: --debug --xref --apcs=interwork --depend=.\prgm7.d -o.\prgm7.o -I
S:\ARM\RV31\INC -IS:\ARM\CMSIS\Include -IS:\ARM\Inc\Philips --predefine="__EVAL
 SETA 1" --list=.\prgm7.lst prgm7.s



ARM Macro Assembler    Page 1 Alphabetic symbol ordering
Relocatable symbols

ASCEND 00000000

Symbol: ASCEND
   Definitions
      At line 1 in file prgm7.s
   Uses
      None
Comment: ASCEND unused
LOOP 0000000C

Symbol: LOOP
   Definitions
      At line 6 in file prgm7.s
   Uses
      At line 10 in file prgm7.s
Comment: LOOP used once
NOSWP 00000048

Symbol: NOSWP
   Definitions
      At line 21 in file prgm7.s
   Uses
      At line 17 in file prgm7.s
Comment: NOSWP used once
NXTCMP 0000002C

Symbol: NXTCMP
   Definitions
      At line 14 in file prgm7.s
   Uses
      At line 22 in file prgm7.s
Comment: NXTCMP used once
NXTPAS 00000024

Symbol: NXTPAS
   Definitions
      At line 12 in file prgm7.s
   Uses
      At line 24 in file prgm7.s
Comment: NXTPAS used once
STOP 00000058

Symbol: STOP
   Definitions
      At line 25 in file prgm7.s
   Uses
      At line 25 in file prgm7.s
Comment: STOP used once
SVALUE 0000005C

Symbol: SVALUE
   Definitions
      At line 26 in file prgm7.s
   Uses
      At line 4 in file prgm7.s
Comment: SVALUE used once
7 symbols



ARM Macro Assembler    Page 1 Alphabetic symbol ordering
Relocatable symbols

DATA1 00000000

Symbol: DATA1
   Definitions
      At line 27 in file prgm7.s
   Uses
      None
Comment: DATA1 unused
DVALUE 00000000

Symbol: DVALUE
   Definitions
      At line 28 in file prgm7.s
   Uses
      At line 5 in file prgm7.s
      At line 13 in file prgm7.s

2 symbols
342 symbols in table
