


ARM Macro Assembler    Page 1 


    1 00000000                 AREA             LARGEST,CODE,READONLY
    2 00000000                 ENTRY
    3 00000000 E3A05005        MOV              R5,#5
    4 00000004 E59F1034        LDR              R1,=ARRAY
    5 00000008 E4912004        LDR              R2,[R1],#4
    6 0000000C E4914004 
                       LOOP    LDR              R4,[R1],#4
    7 00000010 E1520004        CMP              R2,R4
    8 00000014 8A000000        BHI              NEXT
    9 00000018 E1A02004        MOV              R2,R4
   10 0000001C E2555001 
                       NEXT    SUBS             R5,R5,#1
   11 00000020 1AFFFFF9        BNE              LOOP
   12 00000024 EAFFFFFE 
                       STOP    B                STOP
   13 00000028 00000023 
              00000045 
              00000065 
              00000076 
              00000012 
              00000099 ARRAY   DCD              0X23,0X45,0X65,0X76,0X12,0X99
   14 00000040                 END
              00000000 
Command Line: --debug --xref --apcs=interwork --depend=.\prgm6.d -o.\prgm6.o -I
F:\softwares\Keil\ARM\RV31\INC -IF:\softwares\Keil\ARM\CMSIS\Include -IF:\softw
ares\Keil\ARM\Inc\Philips --predefine="__EVAL SETA 1" --list=.\prgm6.lst PRGM6.
s



ARM Macro Assembler    Page 1 Alphabetic symbol ordering
Relocatable symbols

ARRAY 00000028

Symbol: ARRAY
   Definitions
      At line 13 in file PRGM6.s
   Uses
      At line 4 in file PRGM6.s
Comment: ARRAY used once
LARGEST 00000000

Symbol: LARGEST
   Definitions
      At line 1 in file PRGM6.s
   Uses
      None
Comment: LARGEST unused
LOOP 0000000C

Symbol: LOOP
   Definitions
      At line 6 in file PRGM6.s
   Uses
      At line 11 in file PRGM6.s
Comment: LOOP used once
NEXT 0000001C

Symbol: NEXT
   Definitions
      At line 10 in file PRGM6.s
   Uses
      At line 8 in file PRGM6.s
Comment: NEXT used once
STOP 00000024

Symbol: STOP
   Definitions
      At line 12 in file PRGM6.s
   Uses
      At line 12 in file PRGM6.s
Comment: STOP used once
5 symbols
338 symbols in table
